<?xml version="1.0" encoding="UTF-8"?>
<testsuite name="TestStudent" tests="1" skipped="0" failures="0" errors="0" timestamp="2021-10-25T20:52:20" hostname="DESKTOP-BVK57NJ" time="0.032">
  <properties/>
  <testcase name="findListTest()" classname="TestStudent" time="0.032"/>
  <system-out><![CDATA[]]></system-out>
  <system-err><![CDATA[]]></system-err>
</testsuite>
